Event 100000.0
Event 200000.0
Event 300000.0
Event 400000.0
Event 500000.0
Event 600000.0
Event 700000.0
Event 800000.0
Event 900000.0
Event 1000000.0
Event 1100000.0
Event 1200000.0
Event 1300000.0
Event 1400000.0
Event 1500000.0
Event 1600000.0
Event 1700000.0
Event 1800000.0
Event 1900000.0
Event 2000000.0
Event 2100000.0
Event 2200000.0
Event 2300000.0
Event 2400000.0
Event 2500000.0
Event 2600000.0
Event 2700000.0
Event 2800000.0
Event 2900000.0
Event 3000000.0
Event 3100000.0
Event 3200000.0
Event 3300000.0
Event 3400000.0
Event 3500000.0
Event 3600000.0
Event 3700000.0
Event 3800000.0
Event 3900000.0
Event 4000000.0
Event 4100000.0
Event 4200000.0
Event 4300000.0
Event 4400000.0
Event 4500000.0
Event 4600000.0
Event 4700000.0
Event 4800000.0
Event 4900000.0
Event 5000000.0
Event 5100000.0
Event 5200000.0
Event 5300000.0
Event 5400000.0
Event 5500000.0
Event 5600000.0
Event 5700000.0
Event 5800000.0
Event 5900000.0
Event 6000000.0
Event 6100000.0
Event 6200000.0
Event 6300000.0
Event 6400000.0
Event 6500000.0
Event 6600000.0
Event 6700000.0
Event 6800000.0
Event 6900000.0
Event 7000000.0
Event 7100000.0
Event 7200000.0
Event 7300000.0
Event 7400000.0
Event 7500000.0
Event 7600000.0
Event 7700000.0
Event 7800000.0
Event 7900000.0
Event 8000000.0
Event 8100000.0
Event 8200000.0
Event 8300000.0
Event 8400000.0
Event 8500000.0
Event 8600000.0
Event 8700000.0
Event 8800000.0
Event 8900000.0
Event 9000000.0
Event 9100000.0
Event 9200000.0
Event 9300000.0
Event 9400000.0
Event 9500000.0
Event 9600000.0
Event 9700000.0
Event 9800000.0
Event 9900000.0
Event 10000000.0
Event 10100000.0
Event 10200000.0
Event 10300000.0
Event 10400000.0
Event 10500000.0
Event 10600000.0
Event 10700000.0
Event 10800000.0
Event 10900000.0
Event 11000000.0
Event 11100000.0
Event 11200000.0
Event 11300000.0
Event 11400000.0
Event 11500000.0
Event 11600000.0
Event 11700000.0
Event 11800000.0
Event 11900000.0
Event 12000000.0
Event 12100000.0
Event 12200000.0
Event 12300000.0
Event 12400000.0
Event 12500000.0
Event 12600000.0
Event 12700000.0
Event 12800000.0
Event 12900000.0
Event 13000000.0
Event 13100000.0
Event 13200000.0
Event 13300000.0
Event 13400000.0
Event 13500000.0
Event 13600000.0
Event 13700000.0
Event 13800000.0
Event 13900000.0
Event 14000000.0
Event 14100000.0
Event 14200000.0
Event 14300000.0
Event 14400000.0
Event 14500000.0
Event 14600000.0
Event 14700000.0
Event 14800000.0
Event 14900000.0
Event 15000000.0
Event 15100000.0
Event 15200000.0
Event 15300000.0
Event 15400000.0
Event 15500000.0
Event 15600000.0
Event 15700000.0
Event 15800000.0
Event 15900000.0
Event 16000000.0
Event 16100000.0
Event 16200000.0
Event 16300000.0
Event 16400000.0
Event 16500000.0
Event 16600000.0
Event 16700000.0
Event 16800000.0
Event 16900000.0
Event 17000000.0
Event 17100000.0
Event 17200000.0
Event 17300000.0
Event 17400000.0
Event 17500000.0
Event 17600000.0
Event 17700000.0
Event 17800000.0
Event 17900000.0
Event 18000000.0
Event 18100000.0
Event 18200000.0
Event 18300000.0
Event 18400000.0
Event 18500000.0
Event 18600000.0
Event 18700000.0
Event 18800000.0
Event 18900000.0
Event 19000000.0
Event 19100000.0
Event 19200000.0
Event 19300000.0
Event 19400000.0
Event 19500000.0
Event 19600000.0
Event 19700000.0
Event 19800000.0
Event 19900000.0
Event 20000000.0
Event 20100000.0
Event 20200000.0
Event 20300000.0
Event 20400000.0
Event 20500000.0
Event 20600000.0
Event 20700000.0
Event 20800000.0
Event 20900000.0
Event 21000000.0
Event 21100000.0
Event 21200000.0
Event 21300000.0
Event 21400000.0
Event 21500000.0
Event 21600000.0
Event 21700000.0
Event 21800000.0
Event 21900000.0
Event 22000000.0
Event 22100000.0
Event 22200000.0
Event 22300000.0
Event 22400000.0
Event 22500000.0
Event 22600000.0
Event 22700000.0
Event 22800000.0
Event 22900000.0
Event 23000000.0
Event 23100000.0
Event 23200000.0
Event 23300000.0
Event 23400000.0
Event 23500000.0
Event 23600000.0
Event 23700000.0
Event 23800000.0
Event 23900000.0
Event 24000000.0
Event 24100000.0
Event 24200000.0
Event 24300000.0
Event 24400000.0
Event 24500000.0
Event 24600000.0
Event 24700000.0
Event 24800000.0
Event 24900000.0
Event 25000000.0
Event 25100000.0
Event 25200000.0
Event 25300000.0
Event 25400000.0
Event 25500000.0
Event 25600000.0
Event 25700000.0
Event 25800000.0
Event 25900000.0
Event 26000000.0
Event 26100000.0
Event 26200000.0
Event 26300000.0
Event 26400000.0
Event 26500000.0
Event 26600000.0
Event 26700000.0
Event 26800000.0
Event 26900000.0
Event 27000000.0
Event 27100000.0
Event 27200000.0
Event 27300000.0
Event 27400000.0
Event 27500000.0
Event 27600000.0
Event 27700000.0
Event 27800000.0
Event 27900000.0
Event 28000000.0
Event 28100000.0
Event 28200000.0
Event 28300000.0
Event 28400000.0
Event 28500000.0
Event 28600000.0
Event 28700000.0
Event 28800000.0
Event 28900000.0
Event 29000000.0
Event 29100000.0
Event 29200000.0
Event 29300000.0
Event 29400000.0
Event 29500000.0
Event 29600000.0
Event 29700000.0
Event 29800000.0
Event 29900000.0
Event 30000000.0
Event 30100000.0
Event 30200000.0
Event 30300000.0
Event 30400000.0
Event 30500000.0
Event 30600000.0
Event 30700000.0
Event 30800000.0
Event 30900000.0
