Event 100000.0
Event 200000.0
Event 300000.0
Event 400000.0
Event 500000.0
Event 600000.0
Event 700000.0
Event 800000.0
Event 900000.0
Event 1000000.0
Event 1100000.0
Event 1200000.0
Event 1300000.0
Event 1400000.0
Event 1500000.0
Event 1600000.0
Event 1700000.0
Event 1800000.0
Event 1900000.0
Event 2000000.0
Event 2100000.0
Event 2200000.0
Event 2300000.0
Event 2400000.0
Event 2500000.0
Event 2600000.0
Event 2700000.0
Event 2800000.0
Event 2900000.0
Event 3000000.0
Event 3100000.0
Event 3200000.0
Event 3300000.0
Event 3400000.0
Event 3500000.0
Event 3600000.0
Event 3700000.0
Event 3800000.0
Event 3900000.0
Event 4000000.0
Event 4100000.0
Event 4200000.0
Event 4300000.0
Event 4400000.0
Event 4500000.0
Event 4600000.0
Event 4700000.0
Event 4800000.0
Event 4900000.0
Event 5000000.0
Event 5100000.0
Event 5200000.0
Event 5300000.0
Event 5400000.0
Event 5500000.0
Event 5600000.0
Event 5700000.0
Event 5800000.0
Event 5900000.0
Event 6000000.0
Event 6100000.0
Event 6200000.0
Event 6300000.0
Event 6400000.0
Event 6500000.0
Event 6600000.0
Event 6700000.0
Event 6800000.0
Event 6900000.0
Event 7000000.0
Event 7100000.0
Event 7200000.0
Event 7300000.0
Event 7400000.0
Event 7500000.0
Event 7600000.0
Event 7700000.0
Event 7800000.0
Event 7900000.0
Event 8000000.0
Event 8100000.0
Event 8200000.0
Event 8300000.0
Event 8400000.0
Event 8500000.0
Event 8600000.0
Event 8700000.0
Event 8800000.0
Event 8900000.0
Event 9000000.0
Event 9100000.0
Event 9200000.0
Event 9300000.0
Event 9400000.0
Event 9500000.0
Event 9600000.0
Event 9700000.0
Event 9800000.0
Event 9900000.0
Event 10000000.0
Event 10100000.0
Event 10200000.0
Event 10300000.0
Event 10400000.0
Event 10500000.0
Event 10600000.0
Event 10700000.0
Event 10800000.0
Event 10900000.0
Event 11000000.0
Event 11100000.0
Event 11200000.0
Event 11300000.0
Event 11400000.0
Event 11500000.0
Event 11600000.0
Event 11700000.0
Event 11800000.0
Event 11900000.0
Event 12000000.0
Event 12100000.0
Event 12200000.0
Event 12300000.0
Event 12400000.0
Event 12500000.0
Event 12600000.0
Event 12700000.0
Event 12800000.0
Event 12900000.0
Event 13000000.0
Event 13100000.0
Event 13200000.0
Event 13300000.0
Event 13400000.0
Event 13500000.0
Event 13600000.0
Event 13700000.0
Event 13800000.0
Event 13900000.0
Event 14000000.0
Event 14100000.0
Event 14200000.0
Event 14300000.0
Event 14400000.0
Event 14500000.0
Event 14600000.0
Event 14700000.0
Event 14800000.0
Event 14900000.0
Event 15000000.0
Event 15100000.0
Event 15200000.0
Event 15300000.0
Event 15400000.0
